<?xml version="1.0" encoding="UTF-8"?>
<testng-results skipped="11" failed="1" total="12" passed="0">
  <reporter-output>
  </reporter-output>
  <suite name="Failed suite [Default suite]" duration-ms="505" started-at="2018-11-12T09:22:25Z" finished-at="2018-11-12T09:22:26Z">
    <groups>
    </groups>
    <test name="Default test" duration-ms="505" started-at="2018-11-12T09:22:25Z" finished-at="2018-11-12T09:22:26Z">
      <class name="suit.view_cart">
        <test-method status="SKIP" signature="userregistration()[pri:0, instance:suit.view_cart@6737fd8f]" name="userregistration" duration-ms="1" started-at="2018-11-12T14:52:25Z" finished-at="2018-11-12T14:52:25Z">
          <reporter-output>
          </reporter-output>
        </test-method> <!-- userregistration -->
        <test-method status="SKIP" signature="getResult(org.testng.ITestResult)[pri:0, instance:suit.view_cart@6737fd8f]" name="getResult" is-config="true" duration-ms="0" started-at="2018-11-12T14:52:25Z" finished-at="2018-11-12T14:52:25Z">
          <reporter-output>
          </reporter-output>
        </test-method> <!-- getResult -->
      </class> <!-- suit.view_cart -->
      <class name="suit.mini_cart">
        <test-method status="SKIP" signature="userregistration()[pri:0, instance:suit.mini_cart@1efed156]" name="userregistration" duration-ms="1" started-at="2018-11-12T14:52:25Z" finished-at="2018-11-12T14:52:25Z">
          <reporter-output>
          </reporter-output>
        </test-method> <!-- userregistration -->
        <test-method status="SKIP" signature="getResult(org.testng.ITestResult)[pri:0, instance:suit.mini_cart@1efed156]" name="getResult" is-config="true" duration-ms="0" started-at="2018-11-12T14:52:25Z" finished-at="2018-11-12T14:52:25Z">
          <reporter-output>
          </reporter-output>
        </test-method> <!-- getResult -->
      </class> <!-- suit.mini_cart -->
      <class name="suit.open_browser">
        <test-method status="SKIP" signature="openbrowser()[pri:0, instance:suit.open_browser@79be0360]" name="openbrowser" duration-ms="0" started-at="2018-11-12T14:52:25Z" finished-at="2018-11-12T14:52:25Z">
          <reporter-output>
          </reporter-output>
        </test-method> <!-- openbrowser -->
        <test-method status="SKIP" signature="getResult(org.testng.ITestResult)[pri:0, instance:suit.open_browser@79be0360]" name="getResult" is-config="true" duration-ms="0" started-at="2018-11-12T14:52:25Z" finished-at="2018-11-12T14:52:25Z">
          <reporter-output>
          </reporter-output>
        </test-method> <!-- getResult -->
      </class> <!-- suit.open_browser -->
      <class name="suit.user_registration">
        <test-method status="SKIP" signature="userregistration()[pri:0, instance:suit.user_registration@22a67b4]" name="userregistration" duration-ms="3" started-at="2018-11-12T14:52:25Z" finished-at="2018-11-12T14:52:25Z">
          <reporter-output>
          </reporter-output>
        </test-method> <!-- userregistration -->
        <test-method status="SKIP" signature="getResult(org.testng.ITestResult)[pri:0, instance:suit.user_registration@22a67b4]" name="getResult" is-config="true" duration-ms="0" started-at="2018-11-12T14:52:25Z" finished-at="2018-11-12T14:52:25Z">
          <reporter-output>
          </reporter-output>
        </test-method> <!-- getResult -->
      </class> <!-- suit.user_registration -->
      <class name="suit.user_register_mailinator">
        <test-method status="PASS" signature="Setup()[pri:0, instance:suit.user_register_mailinator@6321e813]" name="Setup" is-config="true" duration-ms="248" started-at="2018-11-12T14:52:25Z" finished-at="2018-11-12T14:52:25Z">
          <reporter-output>
          </reporter-output>
        </test-method> <!-- Setup -->
        <test-method status="FAIL" signature="random_email_registor()[pri:1, instance:suit.user_register_mailinator@6321e813]" name="random_email_registor" duration-ms="413" started-at="2018-11-12T14:52:25Z" finished-at="2018-11-12T14:52:25Z">
          <exception class="java.lang.NullPointerException">
            <full-stacktrace>
              <![CDATA[java.lang.NullPointerException
	at suit.user_register_mailinator.random_email_registor(user_register_mailinator.java:70)
	at sun.reflect.NativeMethodAccessorImpl.invoke0(Native Method)
	at sun.reflect.NativeMethodAccessorImpl.invoke(Unknown Source)
	at sun.reflect.DelegatingMethodAccessorImpl.invoke(Unknown Source)
	at java.lang.reflect.Method.invoke(Unknown Source)
	at org.testng.internal.MethodInvocationHelper.invokeMethod(MethodInvocationHelper.java:86)
	at org.testng.internal.Invoker.invokeMethod(Invoker.java:643)
	at org.testng.internal.Invoker.invokeTestMethod(Invoker.java:820)
	at org.testng.internal.Invoker.invokeTestMethods(Invoker.java:1128)
	at org.testng.internal.TestMethodWorker.invokeTestMethods(TestMethodWorker.java:129)
	at org.testng.internal.TestMethodWorker.run(TestMethodWorker.java:112)
	at org.testng.TestRunner.privateRun(TestRunner.java:782)
	at org.testng.TestRunner.run(TestRunner.java:632)
	at org.testng.SuiteRunner.runTest(SuiteRunner.java:366)
	at org.testng.SuiteRunner.runSequentially(SuiteRunner.java:361)
	at org.testng.SuiteRunner.privateRun(SuiteRunner.java:319)
	at org.testng.SuiteRunner.run(SuiteRunner.java:268)
	at org.testng.SuiteRunnerWorker.runSuite(SuiteRunnerWorker.java:52)
	at org.testng.SuiteRunnerWorker.run(SuiteRunnerWorker.java:86)
	at org.testng.TestNG.runSuitesSequentially(TestNG.java:1244)
	at org.testng.TestNG.runSuitesLocally(TestNG.java:1169)
	at org.testng.TestNG.run(TestNG.java:1064)
	at org.testng.remote.AbstractRemoteTestNG.run(AbstractRemoteTestNG.java:114)
	at org.testng.remote.RemoteTestNG.initAndRun(RemoteTestNG.java:251)
	at org.testng.remote.RemoteTestNG.main(RemoteTestNG.java:77)
]]>
            </full-stacktrace>
          </exception> <!-- java.lang.NullPointerException -->
          <reporter-output>
          </reporter-output>
        </test-method> <!-- random_email_registor -->
        <test-method status="FAIL" signature="getResult(org.testng.ITestResult)[pri:0, instance:suit.user_register_mailinator@6321e813]" name="getResult" is-config="true" duration-ms="0" started-at="2018-11-12T14:52:25Z" finished-at="2018-11-12T14:52:25Z">
          <params>
            <param index="0">
              <value>
                <![CDATA[[TestResult name=random_email_registor status=FAILURE method=user_register_mailinator.random_email_registor()[pri:1, instance:suit.user_register_mailinator@6321e813] output={null}]]]>
              </value>
            </param>
          </params>
          <exception class="java.lang.NullPointerException">
            <full-stacktrace>
              <![CDATA[java.lang.NullPointerException
	at reports_utility.ReportsManager.getResult(ReportsManager.java:60)
	at sun.reflect.NativeMethodAccessorImpl.invoke0(Native Method)
	at sun.reflect.NativeMethodAccessorImpl.invoke(Unknown Source)
	at sun.reflect.DelegatingMethodAccessorImpl.invoke(Unknown Source)
	at java.lang.reflect.Method.invoke(Unknown Source)
	at org.testng.internal.MethodInvocationHelper.invokeMethod(MethodInvocationHelper.java:86)
	at org.testng.internal.Invoker.invokeConfigurationMethod(Invoker.java:514)
	at org.testng.internal.Invoker.invokeConfigurations(Invoker.java:215)
	at org.testng.internal.Invoker.invokeMethod(Invoker.java:707)
	at org.testng.internal.Invoker.invokeTestMethod(Invoker.java:820)
	at org.testng.internal.Invoker.invokeTestMethods(Invoker.java:1128)
	at org.testng.internal.TestMethodWorker.invokeTestMethods(TestMethodWorker.java:129)
	at org.testng.internal.TestMethodWorker.run(TestMethodWorker.java:112)
	at org.testng.TestRunner.privateRun(TestRunner.java:782)
	at org.testng.TestRunner.run(TestRunner.java:632)
	at org.testng.SuiteRunner.runTest(SuiteRunner.java:366)
	at org.testng.SuiteRunner.runSequentially(SuiteRunner.java:361)
	at org.testng.SuiteRunner.privateRun(SuiteRunner.java:319)
	at org.testng.SuiteRunner.run(SuiteRunner.java:268)
	at org.testng.SuiteRunnerWorker.runSuite(SuiteRunnerWorker.java:52)
	at org.testng.SuiteRunnerWorker.run(SuiteRunnerWorker.java:86)
	at org.testng.TestNG.runSuitesSequentially(TestNG.java:1244)
	at org.testng.TestNG.runSuitesLocally(TestNG.java:1169)
	at org.testng.TestNG.run(TestNG.java:1064)
	at org.testng.remote.AbstractRemoteTestNG.run(AbstractRemoteTestNG.java:114)
	at org.testng.remote.RemoteTestNG.initAndRun(RemoteTestNG.java:251)
	at org.testng.remote.RemoteTestNG.main(RemoteTestNG.java:77)
]]>
            </full-stacktrace>
          </exception> <!-- java.lang.NullPointerException -->
          <reporter-output>
          </reporter-output>
        </test-method> <!-- getResult -->
        <test-method status="SKIP" signature="tearDown()[pri:0, instance:suit.user_register_mailinator@6321e813]" name="tearDown" is-config="true" duration-ms="0" started-at="2018-11-12T14:52:26Z" finished-at="2018-11-12T14:52:26Z">
          <reporter-output>
          </reporter-output>
        </test-method> <!-- tearDown -->
      </class> <!-- suit.user_register_mailinator -->
      <class name="suit.product_list">
        <test-method status="SKIP" signature="productlist()[pri:0, instance:suit.product_list@63e2203c]" name="productlist" duration-ms="1" started-at="2018-11-12T14:52:25Z" finished-at="2018-11-12T14:52:25Z">
          <reporter-output>
          </reporter-output>
        </test-method> <!-- productlist -->
        <test-method status="SKIP" signature="getResult(org.testng.ITestResult)[pri:0, instance:suit.product_list@63e2203c]" name="getResult" is-config="true" duration-ms="0" started-at="2018-11-12T14:52:25Z" finished-at="2018-11-12T14:52:25Z">
          <reporter-output>
          </reporter-output>
        </test-method> <!-- getResult -->
      </class> <!-- suit.product_list -->
      <class name="suit.close_browser">
        <test-method status="SKIP" signature="CloseBrowser()[pri:0, instance:suit.close_browser@68bbe345]" name="CloseBrowser" duration-ms="1" started-at="2018-11-12T14:52:26Z" finished-at="2018-11-12T14:52:26Z">
          <reporter-output>
          </reporter-output>
        </test-method> <!-- CloseBrowser -->
        <test-method status="SKIP" signature="getResult(org.testng.ITestResult)[pri:0, instance:suit.close_browser@68bbe345]" name="getResult" is-config="true" duration-ms="0" started-at="2018-11-12T14:52:26Z" finished-at="2018-11-12T14:52:26Z">
          <reporter-output>
          </reporter-output>
        </test-method> <!-- getResult -->
      </class> <!-- suit.close_browser -->
      <class name="suit.my_account">
        <test-method status="SKIP" signature="usersign()[pri:0, instance:suit.my_account@a7e666]" name="usersign" duration-ms="3" started-at="2018-11-12T14:52:26Z" finished-at="2018-11-12T14:52:26Z">
          <reporter-output>
          </reporter-output>
        </test-method> <!-- usersign -->
        <test-method status="SKIP" signature="getResult(org.testng.ITestResult)[pri:0, instance:suit.my_account@a7e666]" name="getResult" is-config="true" duration-ms="0" started-at="2018-11-12T14:52:26Z" finished-at="2018-11-12T14:52:26Z">
          <reporter-output>
          </reporter-output>
        </test-method> <!-- getResult -->
      </class> <!-- suit.my_account -->
      <class name="suit.category_page">
        <test-method status="SKIP" signature="CategoryPage()[pri:0, instance:suit.category_page@3224f60b]" name="CategoryPage" duration-ms="1" started-at="2018-11-12T14:52:25Z" finished-at="2018-11-12T14:52:25Z">
          <reporter-output>
          </reporter-output>
        </test-method> <!-- CategoryPage -->
        <test-method status="SKIP" signature="getResult(org.testng.ITestResult)[pri:0, instance:suit.category_page@3224f60b]" name="getResult" is-config="true" duration-ms="0" started-at="2018-11-12T14:52:25Z" finished-at="2018-11-12T14:52:25Z">
          <reporter-output>
          </reporter-output>
        </test-method> <!-- getResult -->
      </class> <!-- suit.category_page -->
      <class name="suit.home_page">
        <test-method status="SKIP" signature="homepage()[pri:0, instance:suit.home_page@3b084709]" name="homepage" duration-ms="1" started-at="2018-11-12T14:52:25Z" finished-at="2018-11-12T14:52:25Z">
          <reporter-output>
          </reporter-output>
        </test-method> <!-- homepage -->
        <test-method status="SKIP" signature="getResult(org.testng.ITestResult)[pri:0, instance:suit.home_page@3b084709]" name="getResult" is-config="true" duration-ms="0" started-at="2018-11-12T14:52:25Z" finished-at="2018-11-12T14:52:25Z">
          <reporter-output>
          </reporter-output>
        </test-method> <!-- getResult -->
      </class> <!-- suit.home_page -->
      <class name="suit.user_sign_in">
        <test-method status="SKIP" signature="usersign()[pri:0, instance:suit.user_sign_in@57855c9a]" name="usersign" duration-ms="3" started-at="2018-11-12T14:52:25Z" finished-at="2018-11-12T14:52:25Z">
          <reporter-output>
          </reporter-output>
        </test-method> <!-- usersign -->
        <test-method status="SKIP" signature="getResult(org.testng.ITestResult)[pri:0, instance:suit.user_sign_in@57855c9a]" name="getResult" is-config="true" duration-ms="0" started-at="2018-11-12T14:52:25Z" finished-at="2018-11-12T14:52:25Z">
          <reporter-output>
          </reporter-output>
        </test-method> <!-- getResult -->
      </class> <!-- suit.user_sign_in -->
      <class name="suit.checkout">
        <test-method status="SKIP" signature="userregistration()[pri:0, instance:suit.checkout@72b6cbcc]" name="userregistration" duration-ms="4" started-at="2018-11-12T14:52:25Z" finished-at="2018-11-12T14:52:25Z">
          <reporter-output>
          </reporter-output>
        </test-method> <!-- userregistration -->
        <test-method status="SKIP" signature="getResult(org.testng.ITestResult)[pri:0, instance:suit.checkout@72b6cbcc]" name="getResult" is-config="true" duration-ms="0" started-at="2018-11-12T14:52:25Z" finished-at="2018-11-12T14:52:25Z">
          <reporter-output>
          </reporter-output>
        </test-method> <!-- getResult -->
      </class> <!-- suit.checkout -->
    </test> <!-- Default test -->
  </suite> <!-- Failed suite [Default suite] -->
</testng-results>
