<?xml version="1.0" encoding="UTF-8"?>
<testng-results skipped="0" failed="1" total="1" passed="0">
  <reporter-output>
  </reporter-output>
  <suite name="Default suite" duration-ms="52919" started-at="2018-09-10T08:31:59Z" finished-at="2018-09-10T08:32:52Z">
    <groups>
    </groups>
    <test name="Default test" duration-ms="52919" started-at="2018-09-10T08:31:59Z" finished-at="2018-09-10T08:32:52Z">
      <class name="suit.open_browser">
        <test-method status="PASS" signature="Setup()[pri:0, instance:suit.open_browser@217ed35e]" name="Setup" is-config="true" duration-ms="276" started-at="2018-09-10T14:01:59Z" finished-at="2018-09-10T14:01:59Z">
          <reporter-output>
          </reporter-output>
        </test-method> <!-- Setup -->
        <test-method status="FAIL" signature="openbrowser()[pri:0, instance:suit.open_browser@217ed35e]" name="openbrowser" duration-ms="52878" started-at="2018-09-10T14:01:59Z" finished-at="2018-09-10T14:02:52Z">
          <exception class="java.lang.IncompatibleClassChangeError">
            <message>
              <![CDATA[Class io.appium.java_client.remote.AppiumCommandExecutor$$Lambda$22/1788582153 does not implement the requested interface java.util.function.Supplier]]>
            </message>
            <full-stacktrace>
              <![CDATA[java.lang.IncompatibleClassChangeError: Class io.appium.java_client.remote.AppiumCommandExecutor$$Lambda$22/1788582153 does not implement the requested interface java.util.function.Supplier
	at java.util.Optional.orElseGet(Unknown Source)
	at io.appium.java_client.remote.AppiumCommandExecutor.execute(AppiumCommandExecutor.java:100)
	at org.openqa.selenium.remote.RemoteWebDriver.execute(RemoteWebDriver.java:601)
	at io.appium.java_client.DefaultGenericMobileDriver.execute(DefaultGenericMobileDriver.java:42)
	at io.appium.java_client.AppiumDriver.execute(AppiumDriver.java:1)
	at io.appium.java_client.android.AndroidDriver.execute(AndroidDriver.java:1)
	at org.openqa.selenium.remote.RemoteWebDriver.startSession(RemoteWebDriver.java:241)
	at org.openqa.selenium.remote.RemoteWebDriver.<init>(RemoteWebDriver.java:128)
	at org.openqa.selenium.remote.RemoteWebDriver.<init>(RemoteWebDriver.java:141)
	at io.appium.java_client.DefaultGenericMobileDriver.<init>(DefaultGenericMobileDriver.java:38)
	at io.appium.java_client.AppiumDriver.<init>(AppiumDriver.java:87)
	at io.appium.java_client.AppiumDriver.<init>(AppiumDriver.java:111)
	at io.appium.java_client.android.AndroidDriver.<init>(AndroidDriver.java:72)
	at action.action_execute.OpenBrowser(action_execute.java:162)
	at action.action_perform.Perform_OpenBrowser(action_perform.java:15)
	at action.action_select.ActionSelect(action_select.java:22)
	at suit.open_browser.openbrowser(open_browser.java:73)
	at sun.reflect.NativeMethodAccessorImpl.invoke0(Native Method)
	at sun.reflect.NativeMethodAccessorImpl.invoke(Unknown Source)
	at sun.reflect.DelegatingMethodAccessorImpl.invoke(Unknown Source)
	at java.lang.reflect.Method.invoke(Unknown Source)
	at org.testng.internal.MethodInvocationHelper.invokeMethod(MethodInvocationHelper.java:86)
	at org.testng.internal.Invoker.invokeMethod(Invoker.java:643)
	at org.testng.internal.Invoker.invokeTestMethod(Invoker.java:820)
	at org.testng.internal.Invoker.invokeTestMethods(Invoker.java:1128)
	at org.testng.internal.TestMethodWorker.invokeTestMethods(TestMethodWorker.java:129)
	at org.testng.internal.TestMethodWorker.run(TestMethodWorker.java:112)
	at org.testng.TestRunner.privateRun(TestRunner.java:782)
	at org.testng.TestRunner.run(TestRunner.java:632)
	at org.testng.SuiteRunner.runTest(SuiteRunner.java:366)
	at org.testng.SuiteRunner.runSequentially(SuiteRunner.java:361)
	at org.testng.SuiteRunner.privateRun(SuiteRunner.java:319)
	at org.testng.SuiteRunner.run(SuiteRunner.java:268)
	at org.testng.SuiteRunnerWorker.runSuite(SuiteRunnerWorker.java:52)
	at org.testng.SuiteRunnerWorker.run(SuiteRunnerWorker.java:86)
	at org.testng.TestNG.runSuitesSequentially(TestNG.java:1244)
	at org.testng.TestNG.runSuitesLocally(TestNG.java:1169)
	at org.testng.TestNG.run(TestNG.java:1064)
	at org.testng.remote.AbstractRemoteTestNG.run(AbstractRemoteTestNG.java:114)
	at org.testng.remote.RemoteTestNG.initAndRun(RemoteTestNG.java:251)
	at org.testng.remote.RemoteTestNG.main(RemoteTestNG.java:77)
]]>
            </full-stacktrace>
          </exception> <!-- java.lang.IncompatibleClassChangeError -->
          <reporter-output>
          </reporter-output>
        </test-method> <!-- openbrowser -->
        <test-method status="PASS" signature="getResult(org.testng.ITestResult)[pri:0, instance:suit.open_browser@217ed35e]" name="getResult" is-config="true" duration-ms="26" started-at="2018-09-10T14:02:52Z" finished-at="2018-09-10T14:02:52Z">
          <params>
            <param index="0">
              <value>
                <![CDATA[[TestResult name=openbrowser status=FAILURE method=open_browser.openbrowser()[pri:0, instance:suit.open_browser@217ed35e] output={null}]]]>
              </value>
            </param>
          </params>
          <reporter-output>
          </reporter-output>
        </test-method> <!-- getResult -->
        <test-method status="PASS" signature="tearDown()[pri:0, instance:suit.open_browser@217ed35e]" name="tearDown" is-config="true" duration-ms="1" started-at="2018-09-10T14:02:52Z" finished-at="2018-09-10T14:02:52Z">
          <reporter-output>
          </reporter-output>
        </test-method> <!-- tearDown -->
      </class> <!-- suit.open_browser -->
    </test> <!-- Default test -->
  </suite> <!-- Default suite -->
</testng-results>
